[lux@steam ~]$ cat steam_launch.log
Running Steam on arch rolling 64-bit
STEAM_RUNTIME is enabled automatically
Steam runtime environment up-to-date!
Can't find 'steam-runtime-check-requirements', continuing anyway
WARNING: Using default/fallback debugger launch
/home/lux/.local/share/Steam/ubuntu12_32/steam -bigpicture
Installing breakpad exception handler for appid(steam)/version(0)
Installing breakpad exception handler for appid(steam)/version(1.0)
Installing breakpad exception handler for appid(steam)/version(1.0)
[2021-08-22 16:05:30] Startup - updater built Jul 20 2021 22:25:51
ILocalize::AddFile() failed to load file "public/steambootstrapper_english.txt".
[2021-08-22 16:05:30] Loading cached metrics from disk (/home/lux/.local/share/Steam/package/steam_client_metrics.bin)
[2021-08-22 16:05:30] Failed to load cached hosts file (File 'update_hosts_cached.vdf' not found), using defaults
[2021-08-22 16:05:30] Using the following download hosts for Public, Realm steamglobal
[2021-08-22 16:05:30] 1. http://media.steampowered.com, /client/, Realm 'steamglobal', weight was 1, source = 'baked in'
[2021-08-22 16:05:30] Verifying installation...
[2021-08-22 16:05:30] Unable to read and verify install manifest /home/lux/.local/share/Steam/package/steam_client_ubuntu12.installed
[2021-08-22 16:05:30] Verification complete
[2021-08-22 16:05:30] Downloading Update...
[2021-08-22 16:05:30] Checking for available update...
[2021-08-22 16:05:30] Downloading manifest: http://media.steampowered.com/client/steam_client_ubuntu12
[2021-08-22 16:05:30] Download failed: http error 0 (media.steampowered.com/client/steam_client_ubuntu12)
[2021-08-22 16:05:30] DownloadManifest - exhausted list of download hosts
[2021-08-22 16:05:30] failed to load manifest from buffer.
[2021-08-22 16:05:30] Failed to load manifest
[2021-08-22 16:05:30] Error: Download failed: http error 0
[2021-08-22 16:05:30] Saving metrics to disk (/home/lux/.local/share/Steam/package/steam_client_metrics.bin)
[2021-08-22 16:05:30] Error: Steam needs to be online to update.	 Please confirm your network connection and try again.
[2021-08-22 16:05:32] Shutdown
src/tier0/threadtools.cpp (3553) : Assertion Failed: Illegal termination of worker thread 'Thread(0x0x585b6560/0x0xf4d23a'
Installing breakpad exception handler for appid(steam)/version(1.0)
crash_20210822160533_5.dmp[990]: Uploading dump (out-of-process)
/tmp/dumps/crash_20210822160533_5.dmp
crash_20210822160533_5.dmp[990]: Finished uploading minidump (out-of-process): success = no
crash_20210822160533_5.dmp[990]: error: Couldn't resolve host name
crash_20210822160533_5.dmp[990]: file ''/tmp/dumps/crash_20210822160533_5.dmp'', upload no: ''Couldn't resolve host name''
src/tier0/threadtools.cpp (3553) : Assertion Failed: Illegal termination of worker thread 'Thread(0x0x585b6560/0x0xf4d23a